<?xml version="1.0" encoding="UTF-8"?>
<!-- Generated by org.testng.reporters.JUnitXMLReporter -->
<testsuite ignored="0" hostname="CORE" failures="0" tests="4" name="Test" time="31.675" errors="0" timestamp="2021-05-08T19:21:17 IST">
  <testcase classname="academy.validateTitle_Test" name="basePageNavigation" time="0.188"/>
  <testcase classname="academy.qaacdemy_Test" name="basePageNavigation" time="7.887"/>
  <testcase classname="academy.qaacdemy_Test" name="basePageNavigation" time="3.291"/>
  <testcase classname="academy.validateNavigationBar_Test" name="basePageNavigation" time="0.112"/>
</testsuite> <!-- Test -->
